    Blocking waiting for file lock on artifact directory
warning: unused import: `post`
 --> connection-service\src\routes.rs:4:20
  |
4 |     routing::{get, post},
  |                    ^^^^
  |
  = note: `#[warn(unused_imports)]` (part of `#[warn(unused)]`) on by default

warning: methods `get_pool` and `connection_exists` are never used
   --> connection-service\src\pool_manager.rs:178:18
    |
 43 | impl PoolManager {
    | ---------------- methods in this implementation
...
178 |     pub async fn get_pool(&self, id: &str) -> Option<DatabasePool> {
    |                  ^^^^^^^^
...
183 |     pub async fn connection_exists(&self, id: &str) -> bool {
    |                  ^^^^^^^^^^^^^^^^^
    |
    = note: `#[warn(dead_code)]` (part of `#[warn(unused)]`) on by default

warning: field `config` is never read
  --> connection-service\src\state.rs:10:9
   |
 9 | pub struct AppState {
   |            -------- field in this struct
10 |     pub config: AppConfig,
   |         ^^^^^^
   |
   = note: `AppState` has a derived impl for the trait `Clone`, but this is intentionally ignored during dead code analysis

warning: `connection-service` (bin "connection-service") generated 3 warnings (run `cargo fix --bin "connection-service" -p connection-service` to apply 1 suggestion)
    Finished `dev` profile [unoptimized + debuginfo] target(s) in 15.18s
     Running `target\debug\connection-service.exe`

thread 'main' (31604) panicked at connection-service\src\main.rs:88:51:
绑定地址失败: Os { code: 10048, kind: AddrInUse, message: "通常每个套接字地址(协议/网络地址/端口)只允许使用一次。" }
note: run with `RUST_BACKTRACE=1` environment variable to display a backtrace
error: process didn't exit successfully: `target\debug\connection-service.exe` (exit code: 101)
